app/build/outputs/logs/manifest-merger-debug-report.txt
-- Merging decision tree log ---
manifest
ADDED from src\main\AndroidManifest.xml:2:1-41:12
INJECTED from src\main\AndroidManifest.xml:2:1-41:12
INJECTED from src\main\AndroidManifest.xml:2:1-41:12
INJECTED from src\main\AndroidManifest.xml:2:1-41:12
MERGED from [com.android.support:multidex:1.0.3] AndroidManifest.xml:17:1-22:12
MERGED from [com.github.Hitomis:CircleMenu:v1.1.0] AndroidManifest.xml:2:1-17:12
MERGED from [com.github.GoodieBag:ProtractorView:v1.2] AndroidManifest.xml:2:1-17:12
MERGED from [com.android.support:design:27.1.1] AndroidManifest.xml:17:1-22:12
MERGED from [com.github.Pygmalion69:Gauge:1.5] AndroidManifest.xml:2:1-17:12
MERGED from [com.google.android.gms:play-services:8.4.0] AndroidManifest.xml:16:1-20:12
MERGED from [com.google.android.gms:play-services-cast:8.4.0] AndroidManifest.xml:16:1-20:12
MERGED from [com.android.support:mediarouter-v7:23.0.0] AndroidManifest.xml:17:1-24:12
MERGED from [com.android.support:appcompat-v7:28.0.0] AndroidManifest.xml:17:1-22:12
MERGED from [com.android.support.constraint:constraint-layout:1.1.3] AndroidManifest.xml:2:1-11:12
MERGED from [com.github.marcinmoskala:ArcSeekBar:0.20] AndroidManifest.xml:2:1-10:12
MERGED from [com.google.android.gms:play-services-ads:8.4.0] AndroidManifest.xml:16:1-33:12
MERGED from [com.google.android.gms:play-services-analytics:8.4.0] AndroidManifest.xml:16:1-25:12
MERGED from [com.google.android.gms:play-services-appindexing:8.4.0] AndroidManifest.xml:16:1-20:12
MERGED from [com.google.android.gms:play-services-appinvite:8.4.0] AndroidManifest.xml:16:1-31:12
MERGED from [com.google.android.gms:play-services-appstate:8.4.0] AndroidManifest.xml:16:1-20:12
MERGED from [com.google.android.gms:play-services-auth:8.4.0] AndroidManifest.xml:16:1-33:12
MERGED from [com.google.android.gms:play-services-games:8.4.0] AndroidManifest.xml:16:1-20:12
MERGED from [com.google.android.gms:play-services-drive:8.4.0] AndroidManifest.xml:16:1-20:12
MERGED from [com.google.android.gms:play-services-fitness:8.4.0] AndroidManifest.xml:16:1-20:12
MERGED from [com.google.android.gms:play-services-gcm:8.4.0] AndroidManifest.xml:16:1-25:12
MERGED from [com.google.android.gms:play-services-wallet:8.4.0] AndroidManifest.xml:16:1-21:12
MERGED from [com.google.android.gms:play-services-identity:8.4.0] AndroidManifest.xml:16:1-20:12
MERGED from [com.google.android.gms:play-services-location:8.4.0] AndroidManifest.xml:16:1-20:12
MERGED from [com.google.android.gms:play-services-maps:8.4.0] AndroidManifest.xml:16:1-28:12
MERGED from [com.google.android.gms:play-services-nearby:8.4.0] AndroidManifest.xml:16:1-21:12
MERGED from [com.google.android.gms:play-services-panorama:8.4.0] AndroidManifest.xml:16:1-20:12
MERGED from [com.google.android.gms:play-services-plus:8.4.0] AndroidManifest.xml:16:1-20:12
MERGED from [com.google.android.gms:play-services-safetynet:8.4.0] AndroidManifest.xml:16:1-20:12
MERGED from [com.google.android.gms:play-services-vision:8.4.0] AndroidManifest.xml:2:1-6:12
MERGED from [com.google.android.gms:play-services-wearable:8.4.0] AndroidManifest.xml:16:1-20:12
MERGED from [com.google.android.gms:play-services-base:8.4.0] AndroidManifest.xml:16:1-19:12
MERGED from [com.google.android.gms:play-services-measurement:8.4.0] AndroidManifest.xml:16:1-47:12
MERGED from [com.google.android.gms:play-services-basement:8.4.0] AndroidManifest.xml:16:1-26:12
MERGED from [com.android.support:support-v4:27.1.1] AndroidManifest.xml:17:1-22:12
MERGED from [com.android.support:support-fragment:28.0.0] AndroidManifest.xml:17:1-22:12
MERGED from [com.android.support:animated-vector-drawable:28.0.0] AndroidManifest.xml:17:1-22:12
MERGED from [com.android.support:recyclerview-v7:27.1.1] AndroidManifest.xml:17:1-22:12
MERGED from [com.android.support:support-core-ui:28.0.0] AndroidManifest.xml:17:1-22:12
MERGED from [com.android.support:support-core-utils:28.0.0] AndroidManifest.xml:17:1-22:12
MERGED from [com.android.support:support-vector-drawable:28.0.0] AndroidManifest.xml:17:1-22:12
MERGED from [com.android.support:transition:27.1.1] AndroidManifest.xml:17:1-22:12
MERGED from [com.android.support:loader:28.0.0] AndroidManifest.xml:17:1-22:12
MERGED from [com.android.support:support-media-compat:27.1.1] AndroidManifest.xml:17:1-22:12
MERGED from [com.android.support:viewpager:28.0.0] AndroidManifest.xml:17:1-22:12
MERGED from [com.android.support:coordinatorlayout:28.0.0] AndroidManifest.xml:17:1-22:12
MERGED from [com.android.support:drawerlayout:28.0.0] AndroidManifest.xml:17:1-22:12
MERGED from [com.android.support:slidingpanelayout:28.0.0] AndroidManifest.xml:17:1-22:12
MERGED from [com.android.support:customview:28.0.0] AndroidManifest.xml:17:1-22:12
MERGED from [com.android.support:swiperefreshlayout:28.0.0] AndroidManifest.xml:17:1-22:12
MERGED from [com.android.support:asynclayoutinflater:28.0.0] AndroidManifest.xml:17:1-22:12
MERGED from [com.android.support:support-compat:28.0.0] AndroidManifest.xml:17:1-24:12
MERGED from [com.android.support:versionedparcelable:28.0.0] AndroidManifest.xml:17:1-25:12
MERGED from [com.android.support:cursoradapter:28.0.0] AndroidManifest.xml:17:1-22:12
MERGED from [android.arch.lifecycle:runtime:1.1.1] AndroidManifest.xml:17:1-22:12
MERGED from [com.android.support:documentfile:28.0.0] AndroidManifest.xml:17:1-22:12
MERGED from [com.android.support:localbroadcastmanager:28.0.0] AndroidManifest.xml:17:1-22:12
MERGED from [com.android.support:print:28.0.0] AndroidManifest.xml:17:1-22:12
MERGED from [android.arch.lifecycle:viewmodel:1.1.1] AndroidManifest.xml:17:1-22:12
MERGED from [android.arch.lifecycle:livedata:1.1.1] AndroidManifest.xml:17:1-22:12
MERGED from [android.arch.lifecycle:livedata-core:1.1.1] AndroidManifest.xml:17:1-22:12
MERGED from [android.arch.core:runtime:1.1.1] AndroidManifest.xml:17:1-22:12
MERGED from [com.android.support:interpolator:28.0.0] AndroidManifest.xml:17:1-22:12
INJECTED from src\main\AndroidManifest.xml:2:1-41:12
INJECTED from src\main\AndroidManifest.xml:2:1-41:12
INJECTED from src\main\AndroidManifest.xml:2:1-41:12
	package
		ADDED from src\main\AndroidManifest.xml:3:5-42
		INJECTED from src\main\AndroidManifest.xml
		INJECTED from src\main\AndroidManifest.xml
	android:versionName
		INJECTED from src\main\AndroidManifest.xml
		ADDED from src\main\AndroidManifest.xml:2:1-41:12
		INJECTED from src\main\AndroidManifest.xml
	android:versionCode
		INJECTED from src\main\AndroidManifest.xml
		ADDED from src\main\AndroidManifest.xml:2:1-41:12
		INJECTED from src\main\AndroidManifest.xml
	xmlns:android
		ADDED from src\main\AndroidManifest.xml:2:11-69
uses-permission#android.permission.ACCESS_FINE_LOCATION
ADDED from src\main\AndroidManifest.xml:5:5-79
	android:name
		ADDED from src\main\AndroidManifest.xml:5:22-76
uses-permission#android.permission.ACCESS_COARSE_LOCATION
ADDED from src\main\AndroidManifest.xml:6:5-81
	android:name
		ADDED from src\main\AndroidManifest.xml:6:22-78
uses-permission#android.permission.BLUETOOTH
ADDED from src\main\AndroidManifest.xml:7:5-68
	android:name
		ADDED from src\main\AndroidManifest.xml:7:22-65
uses-permission#android.permission.BLUETOOTH_ADMIN
ADDED from src\main\AndroidManifest.xml:8:5-74
	android:name
		ADDED from src\main\AndroidManifest.xml:8:22-71
uses-permission#android.permission.INTERNET
ADDED from src\main\AndroidManifest.xml:9:5-67
MERGED from [com.google.android.gms:play-services-ads:8.4.0] AndroidManifest.xml:20:5-66
MERGED from [com.google.android.gms:play-services-ads:8.4.0] AndroidManifest.xml:20:5-66
MERGED from [com.google.android.gms:play-services-analytics:8.4.0] AndroidManifest.xml:21:5-67
MERGED from [com.google.android.gms:play-services-analytics:8.4.0] AndroidManifest.xml:21:5-67
MERGED from [com.google.android.gms:play-services-appinvite:8.4.0] AndroidManifest.xml:19:5-67
MERGED from [com.google.android.gms:play-services-appinvite:8.4.0] AndroidManifest.xml:19:5-67
MERGED from [com.google.android.gms:play-services-gcm:8.4.0] AndroidManifest.xml:22:5-67
MERGED from [com.google.android.gms:play-services-gcm:8.4.0] AndroidManifest.xml:22:5-67
MERGED from [com.google.android.gms:play-services-maps:8.4.0] AndroidManifest.xml:21:5-66
MERGED from [com.google.android.gms:play-services-maps:8.4.0] AndroidManifest.xml:21:5-66
MERGED from [com.google.android.gms:play-services-measurement:8.4.0] AndroidManifest.xml:21:5-67
MERGED from [com.google.android.gms:play-services-measurement:8.4.0] AndroidManifest.xml:21:5-67
	android:name
		ADDED from src\main\AndroidManifest.xml:9:22-64
uses-permission#android.permission.ACCESS_NETWORK_STATE
ADDED from src\main\AndroidManifest.xml:10:5-79
MERGED from [com.google.android.gms:play-services-ads:8.4.0] AndroidManifest.xml:21:5-78
MERGED from [com.google.android.gms:play-services-ads:8.4.0] AndroidManifest.xml:21:5-78
MERGED from [com.google.android.gms:play-services-analytics:8.4.0] AndroidManifest.xml:22:5-79
MERGED from [com.google.android.gms:play-services-analytics:8.4.0] AndroidManifest.xml:22:5-79
MERGED from [com.google.android.gms:play-services-maps:8.4.0] AndroidManifest.xml:20:5-78
MERGED from [com.google.android.gms:play-services-maps:8.4.0] AndroidManifest.xml:20:5-78
MERGED from [com.google.android.gms:play-services-nearby:8.4.0] AndroidManifest.xml:19:5-79
MERGED from [com.google.android.gms:play-services-nearby:8.4.0] AndroidManifest.xml:19:5-79
MERGED from [com.google.android.gms:play-services-measurement:8.4.0] AndroidManifest.xml:22:5-79
MERGED from [com.google.android.gms:play-services-measurement:8.4.0] AndroidManifest.xml:22:5-79
	android:name
		ADDED from src\main\AndroidManifest.xml:10:22-76
uses-permission#android.permission.WRITE_EXTERNAL_STORAGE
ADDED from src\main\AndroidManifest.xml:11:5-81
	android:name
		ADDED from src\main\AndroidManifest.xml:11:22-78
uses-permission#com.google.android.providers.gsf.permission.READ_GSERVICES
ADDED from src\main\AndroidManifest.xml:12:5-98
	android:name
		ADDED from src\main\AndroidManifest.xml:12:22-95
application
ADDED from src\main\AndroidManifest.xml:14:5-39:19
MERGED from [com.github.Hitomis:CircleMenu:v1.1.0] AndroidManifest.xml:11:5-15:19
MERGED from [com.github.Hitomis:CircleMenu:v1.1.0] AndroidManifest.xml:11:5-15:19
MERGED from [com.github.GoodieBag:ProtractorView:v1.2] AndroidManifest.xml:11:5-15:19
MERGED from [com.github.GoodieBag:ProtractorView:v1.2] AndroidManifest.xml:11:5-15:19
MERGED from [com.github.Pygmalion69:Gauge:1.5] AndroidManifest.xml:11:5-15:19
MERGED from [com.github.Pygmalion69:Gauge:1.5] AndroidManifest.xml:11:5-15:19
MERGED from [com.google.android.gms:play-services:8.4.0] AndroidManifest.xml:19:5-20
MERGED from [com.google.android.gms:play-services:8.4.0] AndroidManifest.xml:19:5-20
MERGED from [com.google.android.gms:play-services-cast:8.4.0] AndroidManifest.xml:19:5-20
MERGED from [com.google.android.gms:play-services-cast:8.4.0] AndroidManifest.xml:19:5-20
MERGED from [com.android.support:mediarouter-v7:23.0.0] AndroidManifest.xml:22:5-20
MERGED from [com.android.support:mediarouter-v7:23.0.0] AndroidManifest.xml:22:5-20
MERGED from [com.android.support.constraint:constraint-layout:1.1.3] AndroidManifest.xml:9:5-20
MERGED from [com.android.support.constraint:constraint-layout:1.1.3] AndroidManifest.xml:9:5-20
MERGED from [com.google.android.gms:play-services-ads:8.4.0] AndroidManifest.xml:24:5-32:19
MERGED from [com.google.android.gms:play-services-ads:8.4.0] AndroidManifest.xml:24:5-32:19
MERGED from [com.google.android.gms:play-services-analytics:8.4.0] AndroidManifest.xml:24:5-20
MERGED from [com.google.android.gms:play-services-analytics:8.4.0] AndroidManifest.xml:24:5-20
MERGED from [com.google.android.gms:play-services-appindexing:8.4.0] AndroidManifest.xml:19:5-20
MERGED from [com.google.android.gms:play-services-appindexing:8.4.0] AndroidManifest.xml:19:5-20
MERGED from [com.google.android.gms:play-services-appinvite:8.4.0] AndroidManifest.xml:20:5-30:19
MERGED from [com.google.android.gms:play-services-appinvite:8.4.0] AndroidManifest.xml:20:5-30:19
MERGED from [com.google.android.gms:play-services-appstate:8.4.0] AndroidManifest.xml:19:5-20
MERGED from [com.google.android.gms:play-services-appstate:8.4.0] AndroidManifest.xml:19:5-20
MERGED from [com.google.android.gms:play-services-auth:8.4.0] AndroidManifest.xml:20:5-32:19
MERGED from [com.google.android.gms:play-services-auth:8.4.0] AndroidManifest.xml:20:5-32:19
MERGED from [com.google.android.gms:play-services-games:8.4.0] AndroidManifest.xml:19:5-20
MERGED from [com.google.android.gms:play-services-games:8.4.0] AndroidManifest.xml:19:5-20
MERGED from [com.google.android.gms:play-services-drive:8.4.0] AndroidManifest.xml:19:5-20
MERGED from [com.google.android.gms:play-services-drive:8.4.0] AndroidManifest.xml:19:5-20
MERGED from [com.google.android.gms:play-services-fitness:8.4.0] AndroidManifest.xml:19:5-20
MERGED from [com.google.android.gms:play-services-fitness:8.4.0] AndroidManifest.xml:19:5-20
MERGED from [com.google.android.gms:play-services-gcm:8.4.0] AndroidManifest.xml:24:5-20
MERGED from [com.google.android.gms:play-services-gcm:8.4.0] AndroidManifest.xml:24:5-20
MERGED from [com.google.android.gms:play-services-identity:8.4.0] AndroidManifest.xml:19:5-20
MERGED from [com.google.android.gms:play-services-identity:8.4.0] AndroidManifest.xml:19:5-20
MERGED from [com.google.android.gms:play-services-location:8.4.0] AndroidManifest.xml:19:5-20
MERGED from [com.google.android.gms:play-services-location:8.4.0] AndroidManifest.xml:19:5-20
MERGED from [com.google.android.gms:play-services-maps:8.4.0] AndroidManifest.xml:27:5-20
MERGED from [com.google.android.gms:play-services-maps:8.4.0] AndroidManifest.xml:27:5-20
MERGED from [com.google.android.gms:play-services-nearby:8.4.0] AndroidManifest.xml:20:5-20
MERGED from [com.google.android.gms:play-services-nearby:8.4.0] AndroidManifest.xml:20:5-20
MERGED from [com.google.android.gms:play-services-panorama:8.4.0] AndroidManifest.xml:19:5-20
MERGED from [com.google.android.gms:play-services-panorama:8.4.0] AndroidManifest.xml:19:5-20
MERGED from [com.google.android.gms:play-services-plus:8.4.0] AndroidManifest.xml:19:5-20
MERGED from [com.google.android.gms:play-services-plus:8.4.0] AndroidManifest.xml:19:5-20
MERGED from [com.google.android.gms:play-services-safetynet:8.4.0] AndroidManifest.xml:19:5-20
MERGED from [com.google.android.gms:play-services-safetynet:8.4.0] AndroidManifest.xml:19:5-20
MERGED from [com.google.android.gms:play-services-vision:8.4.0] AndroidManifest.xml:5:5-20
MERGED from [com.google.android.gms:play-services-vision:8.4.0] AndroidManifest.xml:5:5-20
MERGED from [com.google.android.gms:play-services-wearable:8.4.0] AndroidManifest.xml:19:5-20
MERGED from [com.google.android.gms:play-services-wearable:8.4.0] AndroidManifest.xml:19:5-20
MERGED from [com.google.android.gms:play-services-measurement:8.4.0] AndroidManifest.xml:26:5-46:19
MERGED from [com.google.android.gms:play-services-measurement:8.4.0] AndroidManifest.xml:26:5-46:19
MERGED from [com.google.android.gms:play-services-basement:8.4.0] AndroidManifest.xml:20:5-24:19
MERGED from [com.google.android.gms:play-services-basement:8.4.0] AndroidManifest.xml:20:5-24:19
MERGED from [com.android.support:support-compat:28.0.0] AndroidManifest.xml:22:5-94
MERGED from [com.android.support:support-compat:28.0.0] AndroidManifest.xml:22:5-94
MERGED from [com.android.support:versionedparcelable:28.0.0] AndroidManifest.xml:22:5-23:19
MERGED from [com.android.support:versionedparcelable:28.0.0] AndroidManifest.xml:22:5-23:19
	android:appComponentFactory
		ADDED from [com.android.support:support-compat:28.0.0] AndroidManifest.xml:22:18-91
	android:supportsRtl
		ADDED from src\main\AndroidManifest.xml:19:9-35
	android:label
		ADDED from src\main\AndroidManifest.xml:17:9-41
	android:roundIcon
		ADDED from src\main\AndroidManifest.xml:18:9-54
	android:icon
		ADDED from src\main\AndroidManifest.xml:16:9-43
	android:allowBackup
		ADDED from src\main\AndroidManifest.xml:15:9-35
	android:theme
		ADDED from src\main\AndroidManifest.xml:20:9-40
activity#com.example.electricscooter.TestTwoActivity
ADDED from src\main\AndroidManifest.xml:21:9-62
	android:name
		ADDED from src\main\AndroidManifest.xml:21:19-50
activity#com.example.electricscooter.TestActivity
ADDED from src\main\AndroidManifest.xml:22:9-50
	android:name
		ADDED from src\main\AndroidManifest.xml:22:19-47
activity#com.example.electricscooter.SpeedActivity
ADDED from src\main\AndroidManifest.xml:23:9-51
	android:name
		ADDED from src\main\AndroidManifest.xml:23:19-48
activity#com.example.electricscooter.BatteryActivity
ADDED from src\main\AndroidManifest.xml:24:9-53
	android:name
		ADDED from src\main\AndroidManifest.xml:24:19-50
activity#com.example.electricscooter.BookActivity
ADDED from src\main\AndroidManifest.xml:25:9-50
	android:name
		ADDED from src\main\AndroidManifest.xml:25:19-47
activity#com.example.electricscooter.LightActivity
ADDED from src\main\AndroidManifest.xml:26:9-51
	android:name
		ADDED from src\main\AndroidManifest.xml:26:19-48
activity#com.example.electricscooter.BTActivity
ADDED from src\main\AndroidManifest.xml:27:9-48
	android:name
		ADDED from src\main\AndroidManifest.xml:27:19-45
activity#com.example.electricscooter.MainActivity
ADDED from src\main\AndroidManifest.xml:28:9-34:20
	android:name
		ADDED from src\main\AndroidManifest.xml:28:19-47
intent-filter#action:name:android.intent.action.MAIN+category:name:android.intent.category.LAUNCHER
ADDED from src\main\AndroidManifest.xml:29:13-33:29
action#android.intent.action.MAIN
ADDED from src\main\AndroidManifest.xml:30:17-69
	android:name
		ADDED from src\main\AndroidManifest.xml:30:25-66
category#android.intent.category.LAUNCHER
ADDED from src\main\AndroidManifest.xml:32:17-77
	android:name
		ADDED from src\main\AndroidManifest.xml:32:27-74
meta-data#com.google.android.gms.version
ADDED from src\main\AndroidManifest.xml:36:9-38:69
MERGED from [com.google.android.gms:play-services-basement:8.4.0] AndroidManifest.xml:21:9-23:69
MERGED from [com.google.android.gms:play-services-basement:8.4.0] AndroidManifest.xml:21:9-23:69
	android:value
		ADDED from src\main\AndroidManifest.xml:38:13-66
	android:name
		ADDED from src\main\AndroidManifest.xml:37:13-58
uses-sdk
INJECTED from src\main\AndroidManifest.xml reason: use-sdk injection requested
INJECTED from src\main\AndroidManifest.xml
INJECTED from src\main\AndroidManifest.xml
MERGED from [com.android.support:multidex:1.0.3] AndroidManifest.xml:20:5-43
MERGED from [com.android.support:multidex:1.0.3] AndroidManifest.xml:20:5-43
MERGED from [com.github.Hitomis:CircleMenu:v1.1.0] AndroidManifest.xml:7:5-9:41
MERGED from [com.github.Hitomis:CircleMenu:v1.1.0] AndroidManifest.xml:7:5-9:41
MERGED from [com.github.GoodieBag:ProtractorView:v1.2] AndroidManifest.xml:7:5-9:41
MERGED from [com.github.GoodieBag:ProtractorView:v1.2] AndroidManifest.xml:7:5-9:41
MERGED from [com.android.support:design:27.1.1] AndroidManifest.xml:20:5-44
MERGED from [com.android.support:design:27.1.1] AndroidManifest.xml:20:5-44
MERGED from [com.github.Pygmalion69:Gauge:1.5] AndroidManifest.xml:7:5-9:41
MERGED from [com.github.Pygmalion69:Gauge:1.5] AndroidManifest.xml:7:5-9:41
MERGED from [com.google.android.gms:play-services:8.4.0] AndroidManifest.xml:18:5-42
MERGED from [com.google.android.gms:play-services:8.4.0] AndroidManifest.xml:18:5-42
MERGED from [com.google.android.gms:play-services-cast:8.4.0] AndroidManifest.xml:18:5-42
MERGED from [com.google.android.gms:play-services-cast:8.4.0] AndroidManifest.xml:18:5-42
MERGED from [com.android.support:mediarouter-v7:23.0.0] AndroidManifest.xml:20:5-43
MERGED from [com.android.support:mediarouter-v7:23.0.0] AndroidManifest.xml:20:5-43
MERGED from [com.android.support:appcompat-v7:28.0.0] AndroidManifest.xml:20:5-44
MERGED from [com.android.support:appcompat-v7:28.0.0] AndroidManifest.xml:20:5-44
MERGED from [com.android.support.constraint:constraint-layout:1.1.3] AndroidManifest.xml:5:5-7:41
MERGED from [com.android.support.constraint:constraint-layout:1.1.3] AndroidManifest.xml:5:5-7:41
MERGED from [com.github.marcinmoskala:ArcSeekBar:0.20] AndroidManifest.xml:6:5-8:41
MERGED from [com.github.marcinmoskala:ArcSeekBar:0.20] AndroidManifest.xml:6:5-8:41
MERGED from [com.google.android.gms:play-services-ads:8.4.0] AndroidManifest.xml:23:5-42
MERGED from [com.google.android.gms:play-services-ads:8.4.0] AndroidManifest.xml:23:5-42
MERGED from [com.google.android.gms:play-services-analytics:8.4.0] AndroidManifest.xml:18:5-42
MERGED from [com.google.android.gms:play-services-analytics:8.4.0] AndroidManifest.xml:18:5-42
MERGED from [com.google.android.gms:play-services-appindexing:8.4.0] AndroidManifest.xml:18:5-42
MERGED from [com.google.android.gms:play-services-appindexing:8.4.0] AndroidManifest.xml:18:5-42
MERGED from [com.google.android.gms:play-services-appinvite:8.4.0] AndroidManifest.xml:18:5-42
MERGED from [com.google.android.gms:play-services-appinvite:8.4.0] AndroidManifest.xml:18:5-42
MERGED from [com.google.android.gms:play-services-appstate:8.4.0] AndroidManifest.xml:18:5-42
MERGED from [com.google.android.gms:play-services-appstate:8.4.0] AndroidManifest.xml:18:5-42
MERGED from [com.google.android.gms:play-services-auth:8.4.0] AndroidManifest.xml:18:5-43
MERGED from [com.google.android.gms:play-services-auth:8.4.0] AndroidManifest.xml:18:5-43
MERGED from [com.google.android.gms:play-services-games:8.4.0] AndroidManifest.xml:18:5-42
MERGED from [com.google.android.gms:play-services-games:8.4.0] AndroidManifest.xml:18:5-42
MERGED from [com.google.android.gms:play-services-drive:8.4.0] AndroidManifest.xml:18:5-42
MERGED from [com.google.android.gms:play-services-drive:8.4.0] AndroidManifest.xml:18:5-42
MERGED from [com.google.android.gms:play-services-fitness:8.4.0] AndroidManifest.xml:18:5-42
MERGED from [com.google.android.gms:play-services-fitness:8.4.0] AndroidManifest.xml:18:5-42
MERGED from [com.google.android.gms:play-services-gcm:8.4.0] AndroidManifest.xml:18:5-42
MERGED from [com.google.android.gms:play-services-gcm:8.4.0] AndroidManifest.xml:18:5-42
MERGED from [com.google.android.gms:play-services-wallet:8.4.0] AndroidManifest.xml:19:5-42
MERGED from [com.google.android.gms:play-services-wallet:8.4.0] AndroidManifest.xml:19:5-42
MERGED from [com.google.android.gms:play-services-identity:8.4.0] AndroidManifest.xml:18:5-42
MERGED from [com.google.android.gms:play-services-identity:8.4.0] AndroidManifest.xml:18:5-42
MERGED from [com.google.android.gms:play-services-location:8.4.0] AndroidManifest.xml:18:5-42
MERGED from [com.google.android.gms:play-services-location:8.4.0] AndroidManifest.xml:18:5-42
MERGED from [com.google.android.gms:play-services-maps:8.4.0] AndroidManifest.xml:26:5-42
MERGED from [com.google.android.gms:play-services-maps:8.4.0] AndroidManifest.xml:26:5-42
MERGED from [com.google.android.gms:play-services-nearby:8.4.0] AndroidManifest.xml:18:5-42
MERGED from [com.google.android.gms:play-services-nearby:8.4.0] AndroidManifest.xml:18:5-42
MERGED from [com.google.android.gms:play-services-panorama:8.4.0] AndroidManifest.xml:18:5-42
MERGED from [com.google.android.gms:play-services-panorama:8.4.0] AndroidManifest.xml:18:5-42
MERGED from [com.google.android.gms:play-services-plus:8.4.0] AndroidManifest.xml:18:5-42
MERGED from [com.google.android.gms:play-services-plus:8.4.0] AndroidManifest.xml:18:5-42
MERGED from [com.google.android.gms:play-services-safetynet:8.4.0] AndroidManifest.xml:18:5-42
MERGED from [com.google.android.gms:play-services-safetynet:8.4.0] AndroidManifest.xml:18:5-42
MERGED from [com.google.android.gms:play-services-vision:8.4.0] AndroidManifest.xml:4:5-42
MERGED from [com.google.android.gms:play-services-vision:8.4.0] AndroidManifest.xml:4:5-42
MERGED from [com.google.android.gms:play-services-wearable:8.4.0] AndroidManifest.xml:18:5-42
MERGED from [com.google.android.gms:play-services-wearable:8.4.0] AndroidManifest.xml:18:5-42
MERGED from [com.google.android.gms:play-services-base:8.4.0] AndroidManifest.xml:18:5-42
MERGED from [com.google.android.gms:play-services-base:8.4.0] AndroidManifest.xml:18:5-42
MERGED from [com.google.android.gms:play-services-measurement:8.4.0] AndroidManifest.xml:18:5-42
MERGED from [com.google.android.gms:play-services-measurement:8.4.0] AndroidManifest.xml:18:5-42
MERGED from [com.google.android.gms:play-services-basement:8.4.0] AndroidManifest.xml:18:5-42
MERGED from [com.google.android.gms:play-services-basement:8.4.0] AndroidManifest.xml:18:5-42
MERGED from [com.android.support:support-v4:27.1.1] AndroidManifest.xml:20:5-44
MERGED from [com.android.support:support-v4:27.1.1] AndroidManifest.xml:20:5-44
MERGED from [com.android.support:support-fragment:28.0.0] AndroidManifest.xml:20:5-44
MERGED from [com.android.support:support-fragment:28.0.0] AndroidManifest.xml:20:5-44
MERGED from [com.android.support:animated-vector-drawable:28.0.0] AndroidManifest.xml:20:5-44
MERGED from [com.android.support:animated-vector-drawable:28.0.0] AndroidManifest.xml:20:5-44
MERGED from [com.android.support:recyclerview-v7:27.1.1] AndroidManifest.xml:20:5-44
MERGED from [com.android.support:recyclerview-v7:27.1.1] AndroidManifest.xml:20:5-44
MERGED from [com.android.support:support-core-ui:28.0.0] AndroidManifest.xml:20:5-44
MERGED from [com.android.support:support-core-ui:28.0.0] AndroidManifest.xml:20:5-44
MERGED from [com.android.support:support-core-utils:28.0.0] AndroidManifest.xml:20:5-44
MERGED from [com.android.support:support-core-utils:28.0.0] AndroidManifest.xml:20:5-44
MERGED from [com.android.support:support-vector-drawable:28.0.0] AndroidManifest.xml:20:5-44
MERGED from [com.android.support:support-vector-drawable:28.0.0] AndroidManifest.xml:20:5-44
MERGED from [com.android.support:transition:27.1.1] AndroidManifest.xml:20:5-44
MERGED from [com.android.support:transition:27.1.1] AndroidManifest.xml:20:5-44
MERGED from [com.android.support:loader:28.0.0] AndroidManifest.xml:20:5-44
MERGED from [com.android.support:loader:28.0.0] AndroidManifest.xml:20:5-44
MERGED from [com.android.support:support-media-compat:27.1.1] AndroidManifest.xml:20:5-44
MERGED from [com.android.support:support-media-compat:27.1.1] AndroidManifest.xml:20:5-44
MERGED from [com.android.support:viewpager:28.0.0] AndroidManifest.xml:20:5-44
MERGED from [com.android.support:viewpager:28.0.0] AndroidManifest.xml:20:5-44
MERGED from [com.android.support:coordinatorlayout:28.0.0] AndroidManifest.xml:20:5-44
MERGED from [com.android.support:coordinatorlayout:28.0.0] AndroidManifest.xml:20:5-44
MERGED from [com.android.support:drawerlayout:28.0.0] AndroidManifest.xml:20:5-44
MERGED from [com.android.support:drawerlayout:28.0.0] AndroidManifest.xml:20:5-44
MERGED from [com.android.support:slidingpanelayout:28.0.0] AndroidManifest.xml:20:5-44
MERGED from [com.android.support:slidingpanelayout:28.0.0] AndroidManifest.xml:20:5-44
MERGED from [com.android.support:customview:28.0.0] AndroidManifest.xml:20:5-44
MERGED from [com.android.support:customview:28.0.0] AndroidManifest.xml:20:5-44
MERGED from [com.android.support:swiperefreshlayout:28.0.0] AndroidManifest.xml:20:5-44
MERGED from [com.android.support:swiperefreshlayout:28.0.0] AndroidManifest.xml:20:5-44
MERGED from [com.android.support:asynclayoutinflater:28.0.0] AndroidManifest.xml:20:5-44
MERGED from [com.android.support:asynclayoutinflater:28.0.0] AndroidManifest.xml:20:5-44
MERGED from [com.android.support:support-compat:28.0.0] AndroidManifest.xml:20:5-44
MERGED from [com.android.support:support-compat:28.0.0] AndroidManifest.xml:20:5-44
MERGED from [com.android.support:versionedparcelable:28.0.0] AndroidManifest.xml:20:5-44
MERGED from [com.android.support:versionedparcelable:28.0.0] AndroidManifest.xml:20:5-44
MERGED from [com.android.support:cursoradapter:28.0.0] AndroidManifest.xml:20:5-44
MERGED from [com.android.support:cursoradapter:28.0.0] AndroidManifest.xml:20:5-44
MERGED from [android.arch.lifecycle:runtime:1.1.1] AndroidManifest.xml:20:5-44
MERGED from [android.arch.lifecycle:runtime:1.1.1] AndroidManifest.xml:20:5-44
MERGED from [com.android.support:documentfile:28.0.0] AndroidManifest.xml:20:5-44
MERGED from [com.android.support:documentfile:28.0.0] AndroidManifest.xml:20:5-44
MERGED from [com.android.support:localbroadcastmanager:28.0.0] AndroidManifest.xml:20:5-44
MERGED from [com.android.support:localbroadcastmanager:28.0.0] AndroidManifest.xml:20:5-44
MERGED from [com.android.support:print:28.0.0] AndroidManifest.xml:20:5-44
MERGED from [com.android.support:print:28.0.0] AndroidManifest.xml:20:5-44
MERGED from [android.arch.lifecycle:viewmodel:1.1.1] AndroidManifest.xml:20:5-44
MERGED from [android.arch.lifecycle:viewmodel:1.1.1] AndroidManifest.xml:20:5-44
MERGED from [android.arch.lifecycle:livedata:1.1.1] AndroidManifest.xml:20:5-44
MERGED from [android.arch.lifecycle:livedata:1.1.1] AndroidManifest.xml:20:5-44
MERGED from [android.arch.lifecycle:livedata-core:1.1.1] AndroidManifest.xml:20:5-44
MERGED from [android.arch.lifecycle:livedata-core:1.1.1] AndroidManifest.xml:20:5-44
MERGED from [android.arch.core:runtime:1.1.1] AndroidManifest.xml:20:5-44
MERGED from [android.arch.core:runtime:1.1.1] AndroidManifest.xml:20:5-44
MERGED from [com.android.support:interpolator:28.0.0] AndroidManifest.xml:20:5-44
MERGED from [com.android.support:interpolator:28.0.0] AndroidManifest.xml:20:5-44
INJECTED from src\main\AndroidManifest.xml
INJECTED from src\main\AndroidManifest.xml
	android:targetSdkVersion
		INJECTED from src\main\AndroidManifest.xml
		ADDED from src\main\AndroidManifest.xml
		INJECTED from src\main\AndroidManifest.xml
	android:minSdkVersion
		INJECTED from src\main\AndroidManifest.xml
		ADDED from src\main\AndroidManifest.xml
		INJECTED from src\main\AndroidManifest.xml
activity#com.google.android.gms.ads.AdActivity
ADDED from [com.google.android.gms:play-services-ads:8.4.0] AndroidManifest.xml:26:9-29:64
	android:configChanges